2018-12-24 06:59:19,853 - __main__ - INFO - sent data
2018-12-24 07:00:27,876 - __main__ - INFO - sent data
2018-12-24 07:00:27,896 - __main__ - INFO - Sent: 201

2018-12-24 07:00:47,240 - __main__ - INFO - sent data
2018-12-24 07:00:47,243 - __main__ - INFO - Sent: 201

2018-12-24 07:01:06,570 - __main__ - INFO - sent data
2018-12-24 07:01:06,573 - __main__ - INFO - Sent: 201

2018-12-24 07:01:25,940 - __main__ - INFO - sent data
2018-12-24 07:01:25,943 - __main__ - INFO - Sent: 201

2018-12-24 07:01:45,290 - __main__ - INFO - sent data
2018-12-24 07:01:45,293 - __main__ - INFO - Sent: 201

2018-12-24 07:02:04,700 - __main__ - INFO - sent data
2018-12-24 07:02:04,703 - __main__ - INFO - Sent: 201

2018-12-24 07:02:24,060 - __main__ - INFO - sent data
2018-12-24 07:02:24,063 - __main__ - INFO - Sent: 201

2018-12-24 07:02:43,420 - __main__ - INFO - sent data
2018-12-24 07:02:43,423 - __main__ - INFO - Sent: 201

2018-12-24 07:03:02,781 - __main__ - INFO - sent data
2018-12-24 07:03:02,790 - __main__ - INFO - Sent: 201

2018-12-24 07:03:22,071 - __main__ - INFO - sent data
2018-12-24 07:03:22,073 - __main__ - INFO - Sent: 201

2018-12-24 07:03:41,611 - __main__ - INFO - sent data
2018-12-24 07:03:41,614 - __main__ - INFO - Sent: 201

2018-12-24 07:04:00,961 - __main__ - INFO - sent data
2018-12-24 07:04:00,963 - __main__ - INFO - Sent: 201

2018-12-24 07:04:22,401 - __main__ - INFO - sent data
2018-12-24 07:04:22,422 - __main__ - INFO - Result: 201

2018-12-24 07:04:41,809 - __main__ - INFO - sent data
2018-12-24 07:04:41,812 - __main__ - INFO - Result: 201

2018-12-24 07:05:01,179 - __main__ - INFO - sent data
2018-12-24 07:05:01,182 - __main__ - INFO - Result: 201

2018-12-24 07:05:20,519 - __main__ - INFO - sent data
2018-12-24 07:05:20,522 - __main__ - INFO - Result: 201

2018-12-24 07:05:39,889 - __main__ - INFO - sent data
2018-12-24 07:05:39,898 - __main__ - INFO - Result: 201

2018-12-24 07:05:59,219 - __main__ - INFO - sent data
2018-12-24 07:05:59,222 - __main__ - INFO - Result: 201

2018-12-24 07:06:18,589 - __main__ - INFO - sent data
2018-12-24 07:06:18,592 - __main__ - INFO - Result: 201

2018-12-24 07:07:29,840 - __main__ - INFO - sent data
2018-12-24 07:07:29,843 - __main__ - INFO - Result: 201

2018-12-24 07:07:49,180 - __main__ - INFO - sent data
2018-12-24 07:07:49,183 - __main__ - INFO - Result: 201

2018-12-24 07:08:08,570 - __main__ - INFO - sent data
2018-12-24 07:08:08,573 - __main__ - INFO - Result: 201

2018-12-24 07:09:34,800 - __main__ - DEBUG - 1545635374.800523 - {"level": 50.3, "contPressure": 500, "status": "0xF", "temp":21.0399339244, "humid":39.5341564881, "atmPressure":1012.00064046}
2018-12-24 07:09:36,078 - __main__ - INFO - sent data
2018-12-24 07:09:36,081 - __main__ - INFO - Result: 201

2018-12-24 07:09:54,109 - __main__ - DEBUG - 1545635394.109728 - {"level": 50.3, "contPressure": 500, "status": "0xF", "temp":21.0500189803, "humid":39.7620389384, "atmPressure":1012.09884376}
2018-12-24 07:09:55,580 - __main__ - INFO - sent data
2018-12-24 07:09:55,583 - __main__ - INFO - Result: 201

2018-12-24 07:10:13,610 - __main__ - DEBUG - 1545635413.610048 - {"level": 50.3, "contPressure": 500, "status": "0xF", "temp":21.0752316252, "humid":39.7532162977, "atmPressure":1012.05720818}
2018-12-24 07:10:14,920 - __main__ - INFO - sent data
2018-12-24 07:10:14,923 - __main__ - INFO - Result: 201

2018-12-24 07:10:32,950 - __main__ - DEBUG - 1545635432.949834 - {"level": 50.3, "contPressure": 500, "status": "0xF", "temp":21.1206144044, "humid":40.1614415932, "atmPressure":1012.04788946}
2018-12-24 07:10:34,250 - __main__ - INFO - sent data
2018-12-24 07:10:34,253 - __main__ - INFO - Result: 201

2018-12-24 07:10:52,280 - __main__ - DEBUG - 1545635452.280157 - {"level": 50.3, "contPressure": 500, "status": "0xF", "temp":21.1004442774, "humid":39.4620062022, "atmPressure":1011.98821733}
2018-12-24 07:10:53,630 - __main__ - INFO - sent data
2018-12-24 07:10:53,633 - __main__ - INFO - Result: 201

2018-12-24 07:11:11,658 - __main__ - DEBUG - 1545635471.657973 - {"level": 50.3, "contPressure": 500, "status": "0xF", "temp":21.1054868087, "humid":39.922015719, "atmPressure":1011.99629777}
2018-12-24 07:11:13,040 - __main__ - INFO - sent data
2018-12-24 07:11:13,043 - __main__ - INFO - Result: 201

2018-12-24 07:11:31,070 - __main__ - DEBUG - 1545635491.070221 - {"level": 50.3, "contPressure": 500, "status": "0xF", "temp":21.0701890957, "humid":39.6254276566, "atmPressure":1011.91238739}
2018-12-24 07:11:32,470 - __main__ - INFO - sent data
2018-12-24 07:11:32,474 - __main__ - INFO - Result: 201

2018-12-24 07:11:50,500 - __main__ - DEBUG - 1545635510.500323 - {"level": 50.3, "contPressure": 500, "status": "0xF", "temp":21.0802741551, "humid":40.6836695208, "atmPressure":1012.03794098}
2018-12-24 07:11:51,810 - __main__ - INFO - sent data
2018-12-24 07:11:51,812 - __main__ - INFO - Result: 201

2018-12-24 07:12:51,139 - __main__ - INFO - sent data
2018-12-24 07:12:51,142 - __main__ - INFO - Result: 201

2018-12-24 07:13:10,489 - __main__ - INFO - sent data
2018-12-24 07:13:10,491 - __main__ - INFO - Result: 201

2018-12-24 07:13:29,889 - __main__ - INFO - sent data
2018-12-24 07:13:29,891 - __main__ - INFO - Result: 201

2018-12-24 07:13:49,358 - __main__ - INFO - sent data
2018-12-24 07:13:49,361 - __main__ - INFO - Result: 201

2018-12-24 07:14:08,738 - __main__ - INFO - sent data
2018-12-24 07:14:08,747 - __main__ - INFO - Result: 201

2018-12-24 07:14:28,228 - __main__ - INFO - sent data
2018-12-24 07:14:28,231 - __main__ - INFO - Result: 201

2018-12-24 07:14:47,538 - __main__ - INFO - sent data
2018-12-24 07:14:47,541 - __main__ - INFO - Result: 201

2018-12-24 07:15:06,898 - __main__ - INFO - sent data
2018-12-24 07:15:06,900 - __main__ - INFO - Result: 201

2018-12-24 07:15:26,298 - __main__ - INFO - sent data
2018-12-24 07:15:26,300 - __main__ - INFO - Result: 201

2018-12-24 07:15:45,727 - __main__ - INFO - sent data
2018-12-24 07:15:45,730 - __main__ - INFO - Result: 201

2018-12-24 07:16:05,097 - __main__ - INFO - sent data
2018-12-24 07:16:05,110 - __main__ - INFO - Result: 201

2018-12-24 07:16:24,527 - __main__ - INFO - sent data
2018-12-24 07:16:24,530 - __main__ - INFO - Result: 201

2018-12-24 07:16:43,857 - __main__ - INFO - sent data
2018-12-24 07:16:43,860 - __main__ - INFO - Result: 201

2018-12-24 07:17:03,227 - __main__ - INFO - sent data
2018-12-24 07:17:03,230 - __main__ - INFO - Result: 201

2018-12-24 07:17:21,869 - __main__ - INFO - Error on sending data
